exec ${PAGER:-/usr/bin/less} "$0" || exit 1
-----------------------------------------------------------------------------
F.FFF.
======================================================================
FAIL: testGradientInput (__main__.MatMulGradientTest)
----------------------------------------------------------------------
Traceback (most recent call last):
  File "/home/pi/.cache/bazel/_bazel_pi/4770c5ca1786316d370c900c0b614a6d/tensorflow/bazel-out/local_linux-py3-opt/bin/tensorflow/python/kernel_tests/sparse_matmul_op_test.runfiles/tensorflow/python/kernel_tests/sparse_matmul_op_test.py", line 132, in testGradientInput
    a_dtype, b_dtype, name)
  File "/home/pi/.cache/bazel/_bazel_pi/4770c5ca1786316d370c900c0b614a6d/tensorflow/bazel-out/local_linux-py3-opt/bin/tensorflow/python/kernel_tests/sparse_matmul_op_test.runfiles/tensorflow/python/kernel_tests/sparse_matmul_op_test.py", line 121, in _testGradients
    self.assertLess(err, 1/128.)
AssertionError: 1.0 not less than 0.0078125

======================================================================
FAIL: testBasic (__main__.SparseMatMulTest)
----------------------------------------------------------------------
Traceback (most recent call last):
  File "/home/pi/.cache/bazel/_bazel_pi/4770c5ca1786316d370c900c0b614a6d/tensorflow/bazel-out/local_linux-py3-opt/bin/tensorflow/python/kernel_tests/sparse_matmul_op_test.runfiles/tensorflow/python/kernel_tests/sparse_matmul_op_test.py", line 65, in testBasic
    self._testCpuMatmul(x, y, x_dtype=x_dtype, y_dtype=y_dtype)
  File "/home/pi/.cache/bazel/_bazel_pi/4770c5ca1786316d370c900c0b614a6d/tensorflow/bazel-out/local_linux-py3-opt/bin/tensorflow/python/kernel_tests/sparse_matmul_op_test.runfiles/tensorflow/python/kernel_tests/sparse_matmul_op_test.py", line 58, in _testCpuMatmul
    self.assertAllClose(np_ans, out, rtol=1e-4, atol=1e-4)
  File "/home/pi/.cache/bazel/_bazel_pi/4770c5ca1786316d370c900c0b614a6d/tensorflow/bazel-out/local_linux-py3-opt/bin/tensorflow/python/kernel_tests/sparse_matmul_op_test.runfiles/tensorflow/python/framework/test_util.py", line 442, in assertAllClose
    np.testing.assert_allclose(a, b, rtol=rtol, atol=atol)
  File "/usr/local/lib/python3.4/dist-packages/numpy/testing/utils.py", line 1391, in assert_allclose
    verbose=verbose, header=header)
  File "/usr/local/lib/python3.4/dist-packages/numpy/testing/utils.py", line 733, in assert_array_compare
    raise AssertionError(msg)
AssertionError: 
Not equal to tolerance rtol=0.0001, atol=0.0001

(mismatch 100.0%)
 x: [repr failed]
 y: array([[ 0.,  0.],
       [ 0.,  0.],
       [ 0.,  0.],
       [ 0.,  0.]], dtype=float32)

======================================================================
FAIL: testLarge (__main__.SparseMatMulTest)
----------------------------------------------------------------------
Traceback (most recent call last):
  File "/home/pi/.cache/bazel/_bazel_pi/4770c5ca1786316d370c900c0b614a6d/tensorflow/bazel-out/local_linux-py3-opt/bin/tensorflow/python/kernel_tests/sparse_matmul_op_test.runfiles/tensorflow/python/kernel_tests/sparse_matmul_op_test.py", line 79, in testLarge
    self._testCpuMatmul(x, y, x_dtype=x_dtype, y_dtype=y_dtype)
  File "/home/pi/.cache/bazel/_bazel_pi/4770c5ca1786316d370c900c0b614a6d/tensorflow/bazel-out/local_linux-py3-opt/bin/tensorflow/python/kernel_tests/sparse_matmul_op_test.runfiles/tensorflow/python/kernel_tests/sparse_matmul_op_test.py", line 58, in _testCpuMatmul
    self.assertAllClose(np_ans, out, rtol=1e-4, atol=1e-4)
  File "/home/pi/.cache/bazel/_bazel_pi/4770c5ca1786316d370c900c0b614a6d/tensorflow/bazel-out/local_linux-py3-opt/bin/tensorflow/python/kernel_tests/sparse_matmul_op_test.runfiles/tensorflow/python/framework/test_util.py", line 442, in assertAllClose
    np.testing.assert_allclose(a, b, rtol=rtol, atol=atol)
  File "/usr/local/lib/python3.4/dist-packages/numpy/testing/utils.py", line 1391, in assert_allclose
    verbose=verbose, header=header)
  File "/usr/local/lib/python3.4/dist-packages/numpy/testing/utils.py", line 733, in assert_array_compare
    raise AssertionError(msg)
AssertionError: 
Not equal to tolerance rtol=0.0001, atol=0.0001

(mismatch 100.0%)
 x: [repr failed]
 y: array([[ 0.320312, -0.079102, -0.292969, ..., -0.59668 , -0.158447,  0.      ],
       [-0.776796,  0.018007, -0.033283, ..., -0.280354, -0.050504,  0.      ],
       [ 0.482271, -0.881124, -0.361536, ..., -0.608088, -0.920013,  0.      ],...

======================================================================
FAIL: testRandom (__main__.SparseMatMulTest)
----------------------------------------------------------------------
Traceback (most recent call last):
  File "/home/pi/.cache/bazel/_bazel_pi/4770c5ca1786316d370c900c0b614a6d/tensorflow/bazel-out/local_linux-py3-opt/bin/tensorflow/python/kernel_tests/sparse_matmul_op_test.runfiles/tensorflow/python/kernel_tests/sparse_matmul_op_test.py", line 93, in testRandom
    x_dtype=x_dtype, y_dtype=y_dtype)
  File "/home/pi/.cache/bazel/_bazel_pi/4770c5ca1786316d370c900c0b614a6d/tensorflow/bazel-out/local_linux-py3-opt/bin/tensorflow/python/kernel_tests/sparse_matmul_op_test.runfiles/tensorflow/python/kernel_tests/sparse_matmul_op_test.py", line 58, in _testCpuMatmul
    self.assertAllClose(np_ans, out, rtol=1e-4, atol=1e-4)
  File "/home/pi/.cache/bazel/_bazel_pi/4770c5ca1786316d370c900c0b614a6d/tensorflow/bazel-out/local_linux-py3-opt/bin/tensorflow/python/kernel_tests/sparse_matmul_op_test.runfiles/tensorflow/python/framework/test_util.py", line 442, in assertAllClose
    np.testing.assert_allclose(a, b, rtol=rtol, atol=atol)
  File "/usr/local/lib/python3.4/dist-packages/numpy/testing/utils.py", line 1391, in assert_allclose
    verbose=verbose, header=header)
  File "/usr/local/lib/python3.4/dist-packages/numpy/testing/utils.py", line 733, in assert_array_compare
    raise AssertionError(msg)
AssertionError: 
Not equal to tolerance rtol=0.0001, atol=0.0001

(mismatch 100.0%)
 x: [repr failed]
 y: array([[  5.695145e-01,   1.152898e+00,  -3.808216e-01,  -9.954863e-01,
         -7.144663e-01,   4.951280e-02,  -5.999081e-01,   1.498532e+00,
          0.000000e+00],...

----------------------------------------------------------------------
Ran 6 tests in 2.554s

FAILED (failures=4)
not close where =  (array([1, 2, 3], dtype=int32), array([0, 0, 0], dtype=int32))
not close lhs =  [[-1. -2. -3.]]
not close rhs =  [ 0.  0.  0.]
not close dif =  [[ 1.  2.  3.]]
not close tol =  [  9.99999975e-05   9.99999975e-05   9.99999975e-05]
not close where =  (array([   0,    1,    2, ..., 6306, 6307, 6308], dtype=int32), array([8, 8, 8, ..., 8, 8, 8], dtype=int32))
not close lhs =  [[-0.41357422 -0.82674038  0.3849704  ...,  0.55883878 -0.01299578
  -0.41357422]]
not close rhs =  [ 0.  0.  0. ...,  0.  0.  0.]
not close dif =  [[ 0.41357422  0.82674038  0.3849704  ...,  0.55883878  0.01299578
   0.41357422]]
not close tol =  [  9.99999975e-05   9.99999975e-05   9.99999975e-05 ...,   9.99999975e-05
   9.99999975e-05   9.99999975e-05]
not close where =  (array([ 0,  1,  2,  3,  4,  5,  6,  7,  8,  9, 10, 11, 12, 13, 14, 15, 16,
       17, 18, 19, 20, 21, 22, 23, 24, 25, 26, 27, 28, 29, 30, 31, 32, 33,
       34, 35, 36, 37], dtype=int32), array([8, 8, 8, 8, 8, 8, 8, 8, 8, 8, 8, 8, 8, 8, 8, 8, 8, 8, 8, 8, 8, 8, 8,
       8, 8, 8, 8, 8, 8, 8, 8, 8, 8, 8, 8, 8, 8, 8], dtype=int32))
not close lhs =  [[-0.04473317  0.69989944  1.39558792  2.07388186 -1.36191034 -0.14028814
  -0.25532007 -0.13193226 -2.63911605 -1.37100196  0.7186383   0.5055365
  -1.00455379 -0.76084447  0.31362581 -0.81943047  1.97725105  0.96453285
   0.9800567  -1.94838428  1.53259051  0.44888055  1.48108709  0.92545241
   1.0691489   0.05797416 -3.12150836 -1.98492861  2.47905564 -1.11721933
   1.22638917  0.80107683  1.02782917  0.10921459  1.9182862   1.08346832
   2.49692488  1.26928258]]
not close rhs =  [ 0.  0.  0.  0.  0.  0.  0.  0.  0.  0.  0.  0.  0.  0.  0.  0.  0.  0.
  0.  0.  0.  0.  0.  0.  0.  0.  0.  0.  0.  0.  0.  0.  0.  0.  0.  0.
  0.  0.]
not close dif =  [[ 0.04473317  0.69989944  1.39558792  2.07388186  1.36191034  0.14028814
   0.25532007  0.13193226  2.63911605  1.37100196  0.7186383   0.5055365
   1.00455379  0.76084447  0.31362581  0.81943047  1.97725105  0.96453285
   0.9800567   1.94838428  1.53259051  0.44888055  1.48108709  0.92545241
   1.0691489   0.05797416  3.12150836  1.98492861  2.47905564  1.11721933
   1.22638917  0.80107683  1.02782917  0.10921459  1.9182862   1.08346832
   2.49692488  1.26928258]]
not close tol =  [  9.99999975e-05   9.99999975e-05   9.99999975e-05   9.99999975e-05
   9.99999975e-05   9.99999975e-05   9.99999975e-05   9.99999975e-05
   9.99999975e-05   9.99999975e-05   9.99999975e-05   9.99999975e-05
   9.99999975e-05   9.99999975e-05   9.99999975e-05   9.99999975e-05
   9.99999975e-05   9.99999975e-05   9.99999975e-05   9.99999975e-05
   9.99999975e-05   9.99999975e-05   9.99999975e-05   9.99999975e-05
   9.99999975e-05   9.99999975e-05   9.99999975e-05   9.99999975e-05
   9.99999975e-05   9.99999975e-05   9.99999975e-05   9.99999975e-05
   9.99999975e-05   9.99999975e-05   9.99999975e-05   9.99999975e-05
   9.99999975e-05   9.99999975e-05]
