exec ${PAGER:-/usr/bin/less} "$0" || exit 1
-----------------------------------------------------------------------------
.F.
======================================================================
FAIL: testFloatBasic (__main__.BinaryOpTest)
----------------------------------------------------------------------
Traceback (most recent call last):
  File "/home/pi/.cache/bazel/_bazel_pi/4770c5ca1786316d370c900c0b614a6d/tensorflow/bazel-out/local_linux-py3-opt/bin/tensorflow/python/kernel_tests/cwise_ops_test.runfiles/tensorflow/python/kernel_tests/cwise_ops_test.py", line 557, in testFloatBasic
    self._compareBoth(x, y + 0.1, np.true_divide, tf.truediv)
  File "/home/pi/.cache/bazel/_bazel_pi/4770c5ca1786316d370c900c0b614a6d/tensorflow/bazel-out/local_linux-py3-opt/bin/tensorflow/python/kernel_tests/cwise_ops_test.runfiles/tensorflow/python/kernel_tests/cwise_ops_test.py", line 541, in _compareBoth
    self._compareCpu(x, y, np_func, tf_func, also_compare_variables)
  File "/home/pi/.cache/bazel/_bazel_pi/4770c5ca1786316d370c900c0b614a6d/tensorflow/bazel-out/local_linux-py3-opt/bin/tensorflow/python/kernel_tests/cwise_ops_test.runfiles/tensorflow/python/kernel_tests/cwise_ops_test.py", line 448, in _compareCpu
    self.assertAllClose(np_ans, tf_cpu)
  File "/home/pi/.cache/bazel/_bazel_pi/4770c5ca1786316d370c900c0b614a6d/tensorflow/bazel-out/local_linux-py3-opt/bin/tensorflow/python/kernel_tests/cwise_ops_test.runfiles/tensorflow/python/framework/test_util.py", line 442, in assertAllClose
    np.testing.assert_allclose(a, b, rtol=rtol, atol=atol)
  File "/usr/local/lib/python3.4/dist-packages/numpy/testing/utils.py", line 1391, in assert_allclose
    verbose=verbose, header=header)
  File "/usr/local/lib/python3.4/dist-packages/numpy/testing/utils.py", line 733, in assert_array_compare
    raise AssertionError(msg)
AssertionError: 
Not equal to tolerance rtol=1e-06, atol=1e-06

(mismatch 20.0%)
 x: array([[[ -2.487562e-01,  -1.755070e-01,  -8.643042e-02,   2.422480e-02,
           1.653804e-01],
        [  3.516624e-01,   6.088280e-01,   9.868421e-01,   1.597052e+00,...
 y: array([[[ -2.487559e-01,  -1.755069e-01,  -8.643037e-02,   2.422479e-02,
           1.653804e-01],
        [  3.516621e-01,   6.088274e-01,   9.868391e-01,   1.597051e+00,...

----------------------------------------------------------------------
Ran 3 tests in 45.979s

FAILED (failures=1)
<class 'numpy.ndarray'> <class 'numpy.ndarray'> <class 'tensorflow.python.ops.variables.Variable'> <class 'tensorflow.python.ops.variables.Variable'>
<class 'tensorflow.python.framework.ops.Tensor'> <class 'tensorflow.python.framework.ops.Tensor'>
not close where =  (array([0, 0, 0], dtype=int32), array([1, 1, 2], dtype=int32), array([2, 4, 0], dtype=int32))
not close lhs =  [ 0.9868421   2.74822688  5.73248434]
not close rhs =  [ 0.98683912  2.74822259  5.73247576]
not close dif =  [  2.98023224e-06   4.29153442e-06   8.58306885e-06]
not close tol =  [  1.98683915e-06   3.74822275e-06   6.73247541e-06]
